<?xml version="1.0" encoding="UTF-8"?>
<testsuites>
  <testsuite name="CodeIgniter Application Test Suite" tests="13" assertions="32" errors="0" failures="0" skipped="0" time="0.626679">
    <testsuite name="Auth_test" file="/Users/markostojanovic/work/projects/timezones/api/application/tests/controllers/Auth_test.php" tests="4" assertions="4" errors="0" failures="0" skipped="0" time="0.170519">
      <testcase name="test_register" class="Auth_test" classname="Auth_test" file="/Users/markostojanovic/work/projects/timezones/api/application/tests/controllers/Auth_test.php" line="29" assertions="1" time="0.085594"/>
      <testcase name="test_login" class="Auth_test" classname="Auth_test" file="/Users/markostojanovic/work/projects/timezones/api/application/tests/controllers/Auth_test.php" line="41" assertions="1" time="0.072022"/>
      <testcase name="test_register_no_username" class="Auth_test" classname="Auth_test" file="/Users/markostojanovic/work/projects/timezones/api/application/tests/controllers/Auth_test.php" line="56" assertions="1" time="0.005119"/>
      <testcase name="test_login_invalid_user" class="Auth_test" classname="Auth_test" file="/Users/markostojanovic/work/projects/timezones/api/application/tests/controllers/Auth_test.php" line="69" assertions="1" time="0.007784"/>
    </testsuite>
    <testsuite name="Timezones_test" file="/Users/markostojanovic/work/projects/timezones/api/application/tests/controllers/Timezones_test.php" tests="5" assertions="16" errors="0" failures="0" skipped="0" time="0.270828">
      <testcase name="test_test" class="Timezones_test" classname="Timezones_test" file="/Users/markostojanovic/work/projects/timezones/api/application/tests/controllers/Timezones_test.php" line="54" assertions="1" time="0.000761"/>
      <testcase name="test_insert_timezone" class="Timezones_test" classname="Timezones_test" file="/Users/markostojanovic/work/projects/timezones/api/application/tests/controllers/Timezones_test.php" line="59" assertions="2" time="0.081946"/>
      <testcase name="test_get_all_timezones" class="Timezones_test" classname="Timezones_test" file="/Users/markostojanovic/work/projects/timezones/api/application/tests/controllers/Timezones_test.php" line="86" assertions="2" time="0.007304"/>
      <testcase name="test_update_timezone" class="Timezones_test" classname="Timezones_test" file="/Users/markostojanovic/work/projects/timezones/api/application/tests/controllers/Timezones_test.php" line="100" assertions="7" time="0.091590"/>
      <testcase name="test_delete_timezone" class="Timezones_test" classname="Timezones_test" file="/Users/markostojanovic/work/projects/timezones/api/application/tests/controllers/Timezones_test.php" line="158" assertions="4" time="0.089227"/>
    </testsuite>
    <testsuite name="Users_test" file="/Users/markostojanovic/work/projects/timezones/api/application/tests/controllers/Users_test.php" tests="4" assertions="12" errors="0" failures="0" skipped="0" time="0.185332">
      <testcase name="test_insert_user" class="Users_test" classname="Users_test" file="/Users/markostojanovic/work/projects/timezones/api/application/tests/controllers/Users_test.php" line="43" assertions="1" time="0.077575"/>
      <testcase name="test_get_all_users" class="Users_test" classname="Users_test" file="/Users/markostojanovic/work/projects/timezones/api/application/tests/controllers/Users_test.php" line="57" assertions="2" time="0.005547"/>
      <testcase name="test_update_user" class="Users_test" classname="Users_test" file="/Users/markostojanovic/work/projects/timezones/api/application/tests/controllers/Users_test.php" line="73" assertions="6" time="0.015882"/>
      <testcase name="test_delete_user" class="Users_test" classname="Users_test" file="/Users/markostojanovic/work/projects/timezones/api/application/tests/controllers/Users_test.php" line="126" assertions="3" time="0.086328"/>
    </testsuite>
  </testsuite>
</testsuites>
